2023-02-10 18:41:22.057  INFO 13560 --- [restartedMain] c.shopme.admin.ShopmeBackEndApplication  : Starting ShopmeBackEndApplication using Java 17.0.5 on Fahad with PID 13560 (D:\ShopmeECommerce\ShopmeProject\ShopmeWebParent\ShopmeBackEnd\target\classes started by fahad in D:\ShopmeECommerce\ShopmeProject\ShopmeWebParent\ShopmeBackEnd)
2023-02-10 18:41:22.063 DEBUG 13560 --- [restartedMain] c.shopme.admin.ShopmeBackEndApplication  : Running with Spring Boot v2.6.7, Spring v5.3.19
2023-02-10 18:41:22.064  INFO 13560 --- [restartedMain] c.shopme.admin.ShopmeBackEndApplication  : No active profile set, falling back to 1 default profile: "default"
2023-02-10 18:41:27.861  WARN 13560 --- [restartedMain] JpaBaseConfiguration$JpaWebConfiguration : spring.jpa.open-in-view is enabled by default. Therefore, database queries may be performed during view rendering. Explicitly configure spring.jpa.open-in-view to disable this warning
2023-02-10 18:41:28.541  WARN 13560 --- [restartedMain] o.s.s.c.a.web.builders.WebSecurity       : You are asking Spring Security to ignore Ant [pattern='/images/**']. This is not recommended -- please use permitAll via HttpSecurity#authorizeHttpRequests instead.
2023-02-10 18:41:28.542  WARN 13560 --- [restartedMain] o.s.s.c.a.web.builders.WebSecurity       : You are asking Spring Security to ignore Ant [pattern='/js/**']. This is not recommended -- please use permitAll via HttpSecurity#authorizeHttpRequests instead.
2023-02-10 18:41:28.542  WARN 13560 --- [restartedMain] o.s.s.c.a.web.builders.WebSecurity       : You are asking Spring Security to ignore Ant [pattern='/webjars/**']. This is not recommended -- please use permitAll via HttpSecurity#authorizeHttpRequests instead.
2023-02-10 18:41:29.654  INFO 13560 --- [restartedMain] c.shopme.admin.ShopmeBackEndApplication  : Started ShopmeBackEndApplication in 8.019 seconds (JVM running for 9.095)
2023-02-10 18:41:46.936  INFO 21084 --- [restartedMain] c.shopme.admin.ShopmeBackEndApplication  : Starting ShopmeBackEndApplication using Java 17.0.5 on Fahad with PID 21084 (D:\ShopmeECommerce\ShopmeProject\ShopmeWebParent\ShopmeBackEnd\target\classes started by fahad in D:\ShopmeECommerce\ShopmeProject\ShopmeWebParent\ShopmeBackEnd)
2023-02-10 18:41:46.937 DEBUG 21084 --- [restartedMain] c.shopme.admin.ShopmeBackEndApplication  : Running with Spring Boot v2.6.7, Spring v5.3.19
2023-02-10 18:41:46.937  INFO 21084 --- [restartedMain] c.shopme.admin.ShopmeBackEndApplication  : No active profile set, falling back to 1 default profile: "default"
2023-02-10 18:41:50.118  WARN 21084 --- [restartedMain] JpaBaseConfiguration$JpaWebConfiguration : spring.jpa.open-in-view is enabled by default. Therefore, database queries may be performed during view rendering. Explicitly configure spring.jpa.open-in-view to disable this warning
2023-02-10 18:41:50.768  WARN 21084 --- [restartedMain] o.s.s.c.a.web.builders.WebSecurity       : You are asking Spring Security to ignore Ant [pattern='/images/**']. This is not recommended -- please use permitAll via HttpSecurity#authorizeHttpRequests instead.
2023-02-10 18:41:50.774  WARN 21084 --- [restartedMain] o.s.s.c.a.web.builders.WebSecurity       : You are asking Spring Security to ignore Ant [pattern='/js/**']. This is not recommended -- please use permitAll via HttpSecurity#authorizeHttpRequests instead.
2023-02-10 18:41:50.774  WARN 21084 --- [restartedMain] o.s.s.c.a.web.builders.WebSecurity       : You are asking Spring Security to ignore Ant [pattern='/webjars/**']. This is not recommended -- please use permitAll via HttpSecurity#authorizeHttpRequests instead.
2023-02-10 18:41:51.806  INFO 21084 --- [restartedMain] c.shopme.admin.ShopmeBackEndApplication  : Started ShopmeBackEndApplication in 5.252 seconds (JVM running for 6.149)
2023-02-08 18:42:40.262  INFO 14536 --- [restartedMain] c.shopme.admin.ShopmeBackEndApplication  : Starting ShopmeBackEndApplication using Java 17.0.5 on Fahad with PID 14536 (D:\ShopmeECommerce\ShopmeProject\ShopmeWebParent\ShopmeBackEnd\target\classes started by fahad in D:\ShopmeECommerce\ShopmeProject\ShopmeWebParent\ShopmeBackEnd)
2023-02-08 18:42:40.263 DEBUG 14536 --- [restartedMain] c.shopme.admin.ShopmeBackEndApplication  : Running with Spring Boot v2.6.7, Spring v5.3.19
2023-02-08 18:42:40.264  INFO 14536 --- [restartedMain] c.shopme.admin.ShopmeBackEndApplication  : No active profile set, falling back to 1 default profile: "default"
2023-02-08 18:42:43.391  WARN 14536 --- [restartedMain] JpaBaseConfiguration$JpaWebConfiguration : spring.jpa.open-in-view is enabled by default. Therefore, database queries may be performed during view rendering. Explicitly configure spring.jpa.open-in-view to disable this warning
2023-02-08 18:42:43.970  WARN 14536 --- [restartedMain] o.s.s.c.a.web.builders.WebSecurity       : You are asking Spring Security to ignore Ant [pattern='/images/**']. This is not recommended -- please use permitAll via HttpSecurity#authorizeHttpRequests instead.
2023-02-08 18:42:43.971  WARN 14536 --- [restartedMain] o.s.s.c.a.web.builders.WebSecurity       : You are asking Spring Security to ignore Ant [pattern='/js/**']. This is not recommended -- please use permitAll via HttpSecurity#authorizeHttpRequests instead.
2023-02-08 18:42:43.971  WARN 14536 --- [restartedMain] o.s.s.c.a.web.builders.WebSecurity       : You are asking Spring Security to ignore Ant [pattern='/webjars/**']. This is not recommended -- please use permitAll via HttpSecurity#authorizeHttpRequests instead.
2023-02-08 18:42:44.887  INFO 14536 --- [restartedMain] c.shopme.admin.ShopmeBackEndApplication  : Started ShopmeBackEndApplication in 5.007 seconds (JVM running for 5.854)
2023-02-09 12:11:15.552  WARN 14536 --- [HikariPool-1 housekeeper] com.zaxxer.hikari.pool.HikariPool        : HikariPool-1 - Thread starvation or clock leap detected (housekeeper delta=17h26m13s365ms742µs900ns).
2023-02-09 13:23:57.074  INFO 14536 --- [restartedMain] c.shopme.admin.ShopmeBackEndApplication  : Starting ShopmeBackEndApplication using Java 17.0.5 on Fahad with PID 14536 (D:\ShopmeECommerce\ShopmeProject\ShopmeWebParent\ShopmeBackEnd\target\classes started by fahad in D:\ShopmeECommerce\ShopmeProject\ShopmeWebParent\ShopmeBackEnd)
2023-02-09 13:23:57.074 DEBUG 14536 --- [restartedMain] c.shopme.admin.ShopmeBackEndApplication  : Running with Spring Boot v2.6.7, Spring v5.3.19
2023-02-09 13:23:57.074  INFO 14536 --- [restartedMain] c.shopme.admin.ShopmeBackEndApplication  : No active profile set, falling back to 1 default profile: "default"
2023-02-09 13:23:57.872  WARN 14536 --- [restartedMain] JpaBaseConfiguration$JpaWebConfiguration : spring.jpa.open-in-view is enabled by default. Therefore, database queries may be performed during view rendering. Explicitly configure spring.jpa.open-in-view to disable this warning
2023-02-09 13:23:57.963  WARN 14536 --- [restartedMain] o.s.s.c.a.web.builders.WebSecurity       : You are asking Spring Security to ignore Ant [pattern='/images/**']. This is not recommended -- please use permitAll via HttpSecurity#authorizeHttpRequests instead.
2023-02-09 13:23:57.964  WARN 14536 --- [restartedMain] o.s.s.c.a.web.builders.WebSecurity       : You are asking Spring Security to ignore Ant [pattern='/js/**']. This is not recommended -- please use permitAll via HttpSecurity#authorizeHttpRequests instead.
2023-02-09 13:23:57.964  WARN 14536 --- [restartedMain] o.s.s.c.a.web.builders.WebSecurity       : You are asking Spring Security to ignore Ant [pattern='/webjars/**']. This is not recommended -- please use permitAll via HttpSecurity#authorizeHttpRequests instead.
2023-02-09 13:23:58.472  INFO 14536 --- [restartedMain] c.shopme.admin.ShopmeBackEndApplication  : Started ShopmeBackEndApplication in 1.451 seconds (JVM running for 67290.178)
