2023-02-08 18:23:56.332  INFO 2072 --- [restartedMain] c.shopme.admin.ShopmeBackEndApplication  : Starting ShopmeBackEndApplication using Java 17.0.5 on Fahad with PID 2072 (D:\ShopmeECommerce\ShopmeProject\ShopmeWebParent\ShopmeBackEnd\target\classes started by fahad in D:\ShopmeECommerce\ShopmeProject\ShopmeWebParent\ShopmeBackEnd)
2023-02-08 18:23:56.332 DEBUG 2072 --- [restartedMain] c.shopme.admin.ShopmeBackEndApplication  : Running with Spring Boot v2.6.7, Spring v5.3.19
2023-02-08 18:23:56.332  INFO 2072 --- [restartedMain] c.shopme.admin.ShopmeBackEndApplication  : No active profile set, falling back to 1 default profile: "default"
2023-02-08 18:23:56.836  WARN 2072 --- [restartedMain] JpaBaseConfiguration$JpaWebConfiguration : spring.jpa.open-in-view is enabled by default. Therefore, database queries may be performed during view rendering. Explicitly configure spring.jpa.open-in-view to disable this warning
2023-02-08 18:23:56.924  WARN 2072 --- [restartedMain] o.s.s.c.a.web.builders.WebSecurity       : You are asking Spring Security to ignore Ant [pattern='/images/**']. This is not recommended -- please use permitAll via HttpSecurity#authorizeHttpRequests instead.
2023-02-08 18:23:56.924  WARN 2072 --- [restartedMain] o.s.s.c.a.web.builders.WebSecurity       : You are asking Spring Security to ignore Ant [pattern='/js/**']. This is not recommended -- please use permitAll via HttpSecurity#authorizeHttpRequests instead.
2023-02-08 18:23:56.924  WARN 2072 --- [restartedMain] o.s.s.c.a.web.builders.WebSecurity       : You are asking Spring Security to ignore Ant [pattern='/webjars/**']. This is not recommended -- please use permitAll via HttpSecurity#authorizeHttpRequests instead.
2023-02-08 18:23:57.434  INFO 2072 --- [restartedMain] c.shopme.admin.ShopmeBackEndApplication  : Started ShopmeBackEndApplication in 1.149 seconds (JVM running for 86.163)
2023-02-08 18:24:02.516  INFO 19508 --- [restartedMain] c.shopme.admin.ShopmeBackEndApplication  : Starting ShopmeBackEndApplication using Java 17.0.5 on Fahad with PID 19508 (D:\ShopmeECommerce\ShopmeProject\ShopmeWebParent\ShopmeBackEnd\target\classes started by fahad in D:\ShopmeECommerce\ShopmeProject\ShopmeWebParent\ShopmeBackEnd)
2023-02-08 18:24:02.517 DEBUG 19508 --- [restartedMain] c.shopme.admin.ShopmeBackEndApplication  : Running with Spring Boot v2.6.7, Spring v5.3.19
2023-02-08 18:24:02.518  INFO 19508 --- [restartedMain] c.shopme.admin.ShopmeBackEndApplication  : No active profile set, falling back to 1 default profile: "default"
2023-02-08 18:24:05.357  WARN 19508 --- [restartedMain] JpaBaseConfiguration$JpaWebConfiguration : spring.jpa.open-in-view is enabled by default. Therefore, database queries may be performed during view rendering. Explicitly configure spring.jpa.open-in-view to disable this warning
2023-02-08 18:24:05.899  WARN 19508 --- [restartedMain] o.s.s.c.a.web.builders.WebSecurity       : You are asking Spring Security to ignore Ant [pattern='/images/**']. This is not recommended -- please use permitAll via HttpSecurity#authorizeHttpRequests instead.
2023-02-08 18:24:05.900  WARN 19508 --- [restartedMain] o.s.s.c.a.web.builders.WebSecurity       : You are asking Spring Security to ignore Ant [pattern='/js/**']. This is not recommended -- please use permitAll via HttpSecurity#authorizeHttpRequests instead.
2023-02-08 18:24:05.900  WARN 19508 --- [restartedMain] o.s.s.c.a.web.builders.WebSecurity       : You are asking Spring Security to ignore Ant [pattern='/webjars/**']. This is not recommended -- please use permitAll via HttpSecurity#authorizeHttpRequests instead.
2023-02-08 18:24:06.724  INFO 19508 --- [restartedMain] c.shopme.admin.ShopmeBackEndApplication  : Started ShopmeBackEndApplication in 4.559 seconds (JVM running for 5.364)
2023-02-08 18:30:05.450  INFO 19508 --- [restartedMain] c.shopme.admin.ShopmeBackEndApplication  : Starting ShopmeBackEndApplication using Java 17.0.5 on Fahad with PID 19508 (D:\ShopmeECommerce\ShopmeProject\ShopmeWebParent\ShopmeBackEnd\target\classes started by fahad in D:\ShopmeECommerce\ShopmeProject\ShopmeWebParent\ShopmeBackEnd)
2023-02-08 18:30:05.451 DEBUG 19508 --- [restartedMain] c.shopme.admin.ShopmeBackEndApplication  : Running with Spring Boot v2.6.7, Spring v5.3.19
2023-02-08 18:30:05.453  INFO 19508 --- [restartedMain] c.shopme.admin.ShopmeBackEndApplication  : No active profile set, falling back to 1 default profile: "default"
2023-02-08 18:30:05.987  WARN 19508 --- [restartedMain] JpaBaseConfiguration$JpaWebConfiguration : spring.jpa.open-in-view is enabled by default. Therefore, database queries may be performed during view rendering. Explicitly configure spring.jpa.open-in-view to disable this warning
2023-02-08 18:30:06.112  WARN 19508 --- [restartedMain] o.s.s.c.a.web.builders.WebSecurity       : You are asking Spring Security to ignore Ant [pattern='/images/**']. This is not recommended -- please use permitAll via HttpSecurity#authorizeHttpRequests instead.
2023-02-08 18:30:06.112  WARN 19508 --- [restartedMain] o.s.s.c.a.web.builders.WebSecurity       : You are asking Spring Security to ignore Ant [pattern='/js/**']. This is not recommended -- please use permitAll via HttpSecurity#authorizeHttpRequests instead.
2023-02-08 18:30:06.112  WARN 19508 --- [restartedMain] o.s.s.c.a.web.builders.WebSecurity       : You are asking Spring Security to ignore Ant [pattern='/webjars/**']. This is not recommended -- please use permitAll via HttpSecurity#authorizeHttpRequests instead.
2023-02-08 18:30:06.627  INFO 19508 --- [restartedMain] c.shopme.admin.ShopmeBackEndApplication  : Started ShopmeBackEndApplication in 1.223 seconds (JVM running for 365.267)
2023-02-08 18:30:13.992  INFO 7872 --- [restartedMain] c.shopme.admin.ShopmeBackEndApplication  : Starting ShopmeBackEndApplication using Java 17.0.5 on Fahad with PID 7872 (D:\ShopmeECommerce\ShopmeProject\ShopmeWebParent\ShopmeBackEnd\target\classes started by fahad in D:\ShopmeECommerce\ShopmeProject\ShopmeWebParent\ShopmeBackEnd)
2023-02-08 18:30:13.993 DEBUG 7872 --- [restartedMain] c.shopme.admin.ShopmeBackEndApplication  : Running with Spring Boot v2.6.7, Spring v5.3.19
2023-02-08 18:30:13.994  INFO 7872 --- [restartedMain] c.shopme.admin.ShopmeBackEndApplication  : No active profile set, falling back to 1 default profile: "default"
2023-02-08 18:30:17.408  WARN 7872 --- [restartedMain] JpaBaseConfiguration$JpaWebConfiguration : spring.jpa.open-in-view is enabled by default. Therefore, database queries may be performed during view rendering. Explicitly configure spring.jpa.open-in-view to disable this warning
2023-02-08 18:30:18.093  WARN 7872 --- [restartedMain] o.s.s.c.a.web.builders.WebSecurity       : You are asking Spring Security to ignore Ant [pattern='/images/**']. This is not recommended -- please use permitAll via HttpSecurity#authorizeHttpRequests instead.
2023-02-08 18:30:18.094  WARN 7872 --- [restartedMain] o.s.s.c.a.web.builders.WebSecurity       : You are asking Spring Security to ignore Ant [pattern='/js/**']. This is not recommended -- please use permitAll via HttpSecurity#authorizeHttpRequests instead.
2023-02-08 18:30:18.095  WARN 7872 --- [restartedMain] o.s.s.c.a.web.builders.WebSecurity       : You are asking Spring Security to ignore Ant [pattern='/webjars/**']. This is not recommended -- please use permitAll via HttpSecurity#authorizeHttpRequests instead.
2023-02-08 18:30:19.040  INFO 7872 --- [restartedMain] c.shopme.admin.ShopmeBackEndApplication  : Started ShopmeBackEndApplication in 5.572 seconds (JVM running for 6.521)
